<?xml version="1.0" encoding="UTF-8"?>
<!-- Generated by org.testng.reporters.JUnitXMLReporter -->
<testsuite ignored="0" hostname="DESKTOP-QUEM6C1" failures="0" tests="5" name="Default test" time="11.364" errors="0" timestamp="2024-01-19T22:08:58 IST">
  <testcase classname="BookStoreTestClasses.VerifyAddBookForm" name="VerifyAddBookFormWithAllFields" time="0.909"/>
  <testcase classname="BookStoreTestClasses.VerifyAddBookForm" name="VerifyAddBookWithTitleOnly" time="0.399"/>
  <testcase classname="BookStoreTestClasses.VerifyAddBookForm" name="VerifyAddBookWithoutPrice" time="0.547"/>
  <testcase classname="BookStoreTestClasses.VerifyAddBookForm" name="verifyCancelButton" time="0.168"/>
  <testcase classname="BookStoreTestClasses.VerifyAddBookForm" name="verifyCloseButton" time="0.18"/>
</testsuite> <!-- Default test -->
