<?xml version="1.0" encoding="UTF-8"?>
<!-- Generated by org.testng.reporters.JUnitXMLReporter -->
<testsuite ignored="0" hostname="DESKTOP-QUEM6C1" failures="0" tests="7" name="Test" time="30.378" errors="0" timestamp="2024-01-20T17:04:08 IST">
  <testcase classname="BookStoreTestClasses.VerifyAddBookForm" name="VerifyAddBookFormWithAllFields" time="1.264"/>
  <testcase classname="BookStoreTestClasses.VerifyAddBookForm" name="VerifyAddBookWithTitleOnly" time="0.566"/>
  <testcase classname="BookStoreTestClasses.VerifyAddBookForm" name="VerifyAddBookWithoutPrice" time="0.786"/>
  <testcase classname="BookStoreTestClasses.VerifyAddBookForm" name="verifyCancelButton" time="0.317"/>
  <testcase classname="BookStoreTestClasses.VerifyAddBookForm" name="verifyCloseButton" time="0.268"/>
  <testcase classname="BookStoreTestClasses.VerifyHomePage" name="VerifyAddBookButtonIsEnabled" time="0.126"/>
  <testcase classname="BookStoreTestClasses.VerifyHomePage" name="verifyBookStoreManagerTitle" time="0.062"/>
</testsuite> <!-- Test -->
